{"message":"title is required","level":"error"}
{"message":"title is required","level":"error"}
{"message":"title is required","level":"error"}
{"message":"title is required","level":"error"}
{"message":"title is required","level":"error"}
{"message":"title is required","level":"error"}
{"message":"title is required","level":"error"}
{"message":"title is required","level":"error"}
{"message":"title is required","level":"error"}
{"message":"title is required","level":"error"}
{"message":"title is required","level":"error"}
{"message":"title is required","level":"error"}
{"message":"title is required","level":"error"}
{"message":"title is required","level":"error"}
{"message":"title is required","level":"error"}
{"message":"title is required","level":"error"}
{"message":"title is required","level":"error"}
{"message":"title is required","level":"error"}
{"message":"title is required","level":"error"}
{"message":"title is required","level":"error"}
{"message":"title is required","level":"error"}
{"message":"title is required","level":"error"}
{"message":"title is required","level":"error"}
{"message":"title is required","level":"error"}
{"message":"title is required","level":"error"}
{"message":"title is required","level":"error"}
{"message":"title is required","level":"error"}
{"message":"title is required","level":"error"}
{"message":"title is required","level":"error"}
{"message":"title is required","level":"error"}
{"message":"title is required","level":"error"}
{"message":"title is required","level":"error"}
{"message":"title is required","level":"error"}
{"message":"title is required","level":"error"}
{"message":"title is required","level":"error"}
{"message":"title is required","level":"error"}
{"message":"title is required","level":"error"}
{"message":"title is required","level":"error"}
{"message":"title is required","level":"error"}
{"message":"title is required","level":"error"}
{"message":"Invalid link undefined is supplied","level":"error"}
{"message":"Invalid link undefined is supplied","level":"error"}
{"message":"Job with id e9d08081-54b4-4930-ab53-db6e723e9961 created","level":"info"}
{"message":"Job with id d69d4abd-4bb2-49d6-9f49-85652a4caa36 created","level":"info"}
{"message":"Job with id ee4ca08e-6c36-4e3c-862d-5b0073fbc4fd created","level":"info"}
{"message":"Job with id cbe4123c-3877-4612-b203-9c63c969b735 created","level":"info"}
{"message":"Job with id e8071923-b39c-4308-a8a1-fa67ee8a64c5 created","level":"info"}
{"message":"Job with id 01f686f0-031d-4738-853c-763be30c75eb created","level":"info"}
{"message":"Job with id 35f1e26d-44f8-474e-a8e7-453e323efdda created","level":"info"}
{"message":"Job with id b1add747-3e53-4573-9049-3c9d5affa523 created","level":"info"}
{"message":"Job with id adfb059e-d7be-4672-8d65-ead175f5e114 created","level":"info"}
{"message":"Job with id 44a50069-b3b3-4830-82e2-2dd5140cc049 created","level":"info"}
{"message":"Job with id 7ed0a260-f818-4204-8459-ec4f1b08a622 created","level":"info"}
{"message":"Job with id 31e4e357-d86b-4234-a6d7-3bc453ba00ba created","level":"info"}
{"message":"Job with id d8c57c42-1f67-476a-a774-b8dd4eee45e1 created","level":"info"}
{"message":"Job with id 3bd5c29f-9cec-444f-ad0e-0ef76a3f0eac created","level":"info"}
{"message":"Job with id d8fe3461-156a-4d6a-afcc-f60e03f19a98 created","level":"info"}
{"message":"Job with id 2717bd11-5a65-4112-9833-cca15a4af541 created","level":"info"}
{"message":"Job with id a745c24a-1b0a-42dd-827b-cc60049faaf4 created","level":"info"}
{"message":"Job with id aaf87b5c-1b79-4bf6-aa44-d96d84e1451c created","level":"info"}
{"message":"Job with id fa93d3dc-8a57-4de9-a9a0-bec2ce6ccad9 created","level":"info"}
{"message":"Job with id 0b72bc76-9a7d-4b4d-902f-4b3421650ede created","level":"info"}
{"message":"Job with id 6f3423b5-5991-412d-a812-09907e2a41ff created","level":"info"}
{"message":"Job with id ca1f49ca-9667-4a2a-8db0-6f5c3479fda2 created","level":"info"}
{"message":"Job with id 6c55350e-be95-42dd-9e23-4a698527728f created","level":"info"}
{"message":"Job with id 45e582e3-effa-4d42-9249-873d646acc5d created","level":"info"}
{"message":"Job with id 525b8c63-1d69-4b11-b7e7-dd0b8f25db65 created","level":"info"}
{"message":"Job with id c2b18319-eb30-4f46-aefe-861885b67d3e created","level":"info"}
{"message":"Job with id 5781f781-24e1-47e0-ab6c-4847dbb8ba4f created","level":"info"}
{"message":"Job with id 896f6ea0-9c39-4f9a-b84f-0256e12eb107 created","level":"info"}
{"message":"Job with id 3681e082-5439-4219-a9bb-b525f87074a7 created","level":"info"}
{"message":"Job with id undefined created","level":"info"}
{"message":"Job with id undefined created","level":"info"}
{"message":"Job with id undefined created","level":"info"}
{"message":"Job with id undefined created","level":"info"}
{"message":"Job with id undefined created","level":"info"}
{"message":"Job with id 9ecd0eea-54c8-41af-8943-26c79187da36 created","level":"info"}
{"message":"Job with id c7310b91-e5ce-4885-93d7-495ab7ad4799 created","level":"info"}
{"message":"Job with id 1fd54ac9-cc2a-4ba9-b7f3-05849e75e077 created","level":"info"}
{"message":"Job with id 22ca68a6-2206-4284-90c0-069bf8c7e5aa created","level":"info"}
{"message":"Job with id undefined created","level":"info"}
{"message":"Job with id 0060159f-f598-41f0-9454-48d64e7d3014 created","level":"info"}
{"message":"Job with id undefined created","level":"info"}
{"message":"Job with id undefined created","level":"info"}
{"message":"Job with id undefined created","level":"info"}
{"message":"Job with id undefined created","level":"info"}
{"message":"Job with id undefined created","level":"info"}
{"message":"Job with id undefined created","level":"info"}
{"message":"Job with id undefined created","level":"info"}
{"message":"Job with id undefined created","level":"info"}
{"message":"Job with id undefined created","level":"info"}
{"message":"title is required","level":"error"}
{"message":"title is required","level":"error"}
{"message":"title is required","level":"error"}
{"message":"title is required","level":"error"}
{"message":"title is required","level":"error"}
{"message":"title is required","level":"error"}
{"message":"title is required","level":"error"}
{"message":"Job with id undefined created","level":"info"}
{"message":"Job with id undefined created","level":"info"}
{"message":"Job with id undefined created","level":"info"}
{"message":"Job with id undefined created","level":"info"}
{"message":"Job with id undefined created","level":"info"}
{"message":"Job with id undefined created","level":"info"}
